<?xml version="1.0" encoding="UTF-8"?>
<!-- Generated by org.testng.reporters.JUnitXMLReporter -->
<testsuite ignored="0" hostname="DESKTOP-QS9U2BQ" failures="0" tests="4" name="Default test" time="106.774" errors="0" timestamp="2024-03-02T20:39:50 IST">
  <testcase classname="rough.DP_Test" name="facebookLogin" time="2.229"/>
  <testcase classname="rough.DP_Test" name="facebookLogin" time="0.223"/>
  <testcase classname="rough.DP_Test" name="facebookLogin" time="0.236"/>
  <testcase classname="rough.DP_Test" name="facebookLogin" time="0.224"/>
</testsuite> <!-- Default test -->
