<?xml version="1.0" encoding="UTF-8"?>
<!-- Generated by org.testng.reporters.JUnitXMLReporter -->
<testsuite ignored="0" hostname="DESKTOP-QS9U2BQ" failures="0" tests="6" name="LoginTest" time="7.057" errors="0" timestamp="2024-03-30T20:02:44 IST">
  <testcase classname="tests.EndToEndTest" name="loginUserTest" time="2.006"/>
  <testcase classname="tests.EndToEndTest" name="addItemToCartTest" time="0.119"/>
  <testcase classname="tests.EndToEndTest" name="verifyCartDetailsTest" time="0.124"/>
  <testcase classname="tests.EndToEndTest" name="enterCheckOutInfoTest" time="0.756"/>
  <testcase classname="tests.EndToEndTest" name="verifyCheckOutOverviewTest" time="0.141"/>
  <testcase classname="tests.EndToEndTest" name="checkOutConfirmationTest" time="0.002">
    <skipped/>
  </testcase> <!-- checkOutConfirmationTest -->
</testsuite> <!-- LoginTest -->
